2025-12-27 00:32:17,106 - INFO - [main] - Starting GlazeWM Auto Tiler script...
2025-12-27 00:32:17,106 - INFO - [_load_stats_blocking] - Stats file not found. Starting fresh.
2025-12-27 00:32:17,106 - INFO - [__init__] - First run detected. Initializing stats file.
2025-12-27 00:32:17,107 - INFO - [_save_stats_blocking] - Stats successfully saved to disk.
2025-12-27 00:32:17,107 - INFO - [main] - Script first installed on: 2025-12-27 00:32:17
2025-12-27 00:32:17,107 - INFO - [subscribe] - 'StatsManager' subscribed to 'window_managed'.
2025-12-27 00:32:17,107 - INFO - [main] - Statistics feature is ENABLED.
2025-12-27 00:32:17,107 - INFO - [run] - Attempting to connect to GlazeWM: ws://localhost:6123...
2025-12-27 00:32:19,401 - INFO - [run] - Successfully connected to GlazeWM IPC.
2025-12-27 00:32:19,402 - INFO - [run] - Subscribed to events: focus_changed, window_managed, application_exiting
2025-12-27 00:32:34,635 - INFO - [_increment] - GlazeWM managed a new window. Incrementing stats. Today's count: 1
2025-12-27 00:32:36,089 - INFO - [_increment] - GlazeWM managed a new window. Incrementing stats. Today's count: 2
2025-12-27 00:32:36,778 - INFO - [_increment] - GlazeWM managed a new window. Incrementing stats. Today's count: 3
2025-12-27 00:32:37,400 - INFO - [_increment] - GlazeWM managed a new window. Incrementing stats. Today's count: 4
2025-12-27 00:32:49,537 - INFO - [_increment] - GlazeWM managed a new window. Incrementing stats. Today's count: 5
2025-12-27 00:32:52,151 - INFO - [_increment] - GlazeWM managed a new window. Incrementing stats. Today's count: 6
2025-12-27 00:32:53,507 - INFO - [_increment] - GlazeWM managed a new window. Incrementing stats. Today's count: 7
2025-12-27 00:33:06,325 - INFO - [_increment] - GlazeWM managed a new window. Incrementing stats. Today's count: 8
2025-12-27 00:33:10,848 - INFO - [_increment] - GlazeWM managed a new window. Incrementing stats. Today's count: 9
2025-12-27 00:33:12,246 - INFO - [_increment] - GlazeWM managed a new window. Incrementing stats. Today's count: 10
2025-12-27 00:33:13,004 - INFO - [_increment] - GlazeWM managed a new window. Incrementing stats. Today's count: 11
2025-12-27 00:33:17,369 - INFO - [_save_stats_blocking] - Stats successfully saved to disk.
2025-12-27 00:33:24,232 - INFO - [_increment] - GlazeWM managed a new window. Incrementing stats. Today's count: 12
2025-12-27 00:33:25,438 - INFO - [_increment] - GlazeWM managed a new window. Incrementing stats. Today's count: 13
2025-12-27 00:33:26,151 - INFO - [_increment] - GlazeWM managed a new window. Incrementing stats. Today's count: 14
2025-12-27 00:33:26,738 - INFO - [_increment] - GlazeWM managed a new window. Incrementing stats. Today's count: 15
2025-12-27 00:33:28,883 - INFO - [_increment] - GlazeWM managed a new window. Incrementing stats. Today's count: 16
2025-12-27 00:33:57,663 - INFO - [run] - GlazeWM is exiting. Shutting down the script.
2025-12-27 00:33:57,663 - INFO - [main] - Initiating shutdown sequence...
2025-12-27 00:33:57,664 - INFO - [main] - Executing final stats save...
2025-12-27 00:33:57,665 - INFO - [_save_stats_blocking] - Stats successfully saved to disk.
2025-12-27 00:33:57,666 - INFO - [main] - Script has stopped.
